[2022-07-14 10:44:55][Run][0x140489947645760][LReactor/Acceptor.c:44 void LightOi::Acceptor::handleAccept(ServerSocketImpl*&)] [101.95.128.162]
[2022-07-14 10:44:55][INFO][0x140489947645760][LReactor/SubReactorThreadPoll.h:47 void LightOi::SubReactorThreadPool<T>::roundRobin(SocketImpl*&) [with T = HYT::LJob]] []
[2022-07-14 10:44:55][INFO][0x140489947645760][LReactor/Reactor.h:180 void LightOi::SubReactor<T>::joinEPollEvent(SocketImpl*&) [with T = HYT::LJob]] []
[2022-07-14 10:44:55][INFO][0x140489947645760][LReactor/../Lthread/../User/user.h:15 void User::init(int, SocketImpl*&)] []
[2022-07-14 10:44:55][Run][0x140489947645760][LReactor/Acceptor.c:44 void LightOi::Acceptor::handleAccept(ServerSocketImpl*&)] [101.95.128.162]
[2022-07-14 10:44:55][INFO][0x140489947645760][LReactor/SubReactorThreadPoll.h:47 void LightOi::SubReactorThreadPool<T>::roundRobin(SocketImpl*&) [with T = HYT::LJob]] []
[2022-07-14 10:44:55][INFO][0x140489947645760][LReactor/Reactor.h:180 void LightOi::SubReactor<T>::joinEPollEvent(SocketImpl*&) [with T = HYT::LJob]] []
[2022-07-14 10:44:55][INFO][0x140489947645760][LReactor/../Lthread/../User/user.h:15 void User::init(int, SocketImpl*&)] []
[2022-07-14 10:45:16][INFO][0x140489863714560][LReactor/Reactor.h:139 void LightOi::SubReactor<T>::loop() [with T = HYT::LJob]] []
[2022-07-14 10:45:16][INFO][0x140489863714560][User/blog.c:6 bool HYT::LJob::read()] []
[2022-07-14 10:45:16][INFO][0x140489863714560][User/Buffer.h:125 ssize_t net::Buffer::readFd(SocketImpl*&, int*)] []
[2022-07-14 10:45:16][INFO][0x140489863714560][User/Buffer.h:132 ssize_t net::Buffer::readFd(SocketImpl*&, int*)] []
[2022-07-14 10:45:16][Run][0x140489863714560][User/Buffer.h:139 ssize_t net::Buffer::readFd(SocketImpl*&, int*)] [recv confirm fail return -1,data:GET0]
[2022-07-14 10:45:16][INFO][0x140489863714560][LReactor/Reactor.h:155 void LightOi::SubReactor<T>::loop() [with T = HYT::LJob]] []
[2022-07-14 10:45:16][INFO][0x140489863714560][LReactor/../Lthread/../User/user.h:34 void User::close_conn()] []
[2022-07-14 10:45:17][INFO][0x140489863714560][LReactor/Reactor.h:139 void LightOi::SubReactor<T>::loop() [with T = HYT::LJob]] []
[2022-07-14 10:45:17][INFO][0x140489863714560][User/blog.c:6 bool HYT::LJob::read()] []
[2022-07-14 10:45:17][INFO][0x140489863714560][User/Buffer.h:125 ssize_t net::Buffer::readFd(SocketImpl*&, int*)] []
[2022-07-14 10:45:17][INFO][0x140489863714560][User/Buffer.h:132 ssize_t net::Buffer::readFd(SocketImpl*&, int*)] []
[2022-07-14 10:45:17][Run][0x140489863714560][User/Buffer.h:139 ssize_t net::Buffer::readFd(SocketImpl*&, int*)] [recv confirm fail return -1,data:GET0]
[2022-07-14 10:45:17][INFO][0x140489863714560][LReactor/Reactor.h:155 void LightOi::SubReactor<T>::loop() [with T = HYT::LJob]] []
[2022-07-14 10:45:17][INFO][0x140489863714560][LReactor/../Lthread/../User/user.h:34 void User::close_conn()] []
[2022-07-14 10:45:55][INFO][0x140489947645760][main.c:13 void term(int)] []
[2022-07-14 10:45:55][INFO][0x140489947645760][LReactor/TcpServer.h:42 void LightOi::TcpServer::stop()] []
